{
  "RSpec": {
    "coverage": {
      "D:/Учеба/Программирование/Ruby/Lab2/spec/score_spec.rb": {
        "lines": [
          null,
          null,
          1,
          1,
          1,
          null,
          1,
          1,
          14,
          null,
          null,
          1,
          15,
          null,
          null,
          1,
          14,
          null,
          null,
          null,
          1,
          3,
          null,
          null,
          null,
          1,
          14,
          null,
          1,
          14,
          null,
          1,
          14,
          null,
          1,
          1,
          null,
          null,
          1,
          14,
          null,
          null,
          null,
          null,
          1,
          1,
          null,
          null,
          1,
          null,
          null,
          1,
          null,
          1,
          null,
          1,
          null,
          null,
          1,
          null,
          1,
          4,
          1,
          null,
          null,
          1,
          null,
          1,
          3,
          null,
          1,
          45,
          45,
          null,
          1,
          null,
          null,
          1,
          null,
          null,
          1,
          1,
          1,
          1,
          null,
          null,
          1,
          1,
          1,
          null,
          null,
          null,
          1,
          1,
          1,
          null,
          null,
          null,
          1,
          1,
          1,
          null,
          null,
          1,
          1,
          1,
          1,
          1,
          null,
          null,
          1,
          null,
          1,
          1,
          1,
          1,
          1,
          1,
          null,
          null,
          1,
          1,
          1,
          1,
          1,
          null,
          1,
          1,
          1,
          null,
          null,
          null,
          1,
          1,
          1,
          1,
          1,
          1,
          1,
          null,
          null,
          null,
          null,
          1,
          1,
          null,
          1,
          1,
          1,
          1,
          1,
          1,
          1,
          1,
          null,
          null,
          null,
          1,
          1,
          1,
          null,
          null,
          1,
          1,
          1,
          1,
          1,
          null,
          1,
          null,
          null,
          null
        ]
      },
      "D:/Учеба/Программирование/Ruby/Lab2/lib/store.rb": {
        "lines": [
          null,
          null,
          1,
          1,
          1,
          1,
          null,
          null,
          null,
          1,
          1,
          null,
          1,
          15,
          15,
          15,
          null,
          null,
          1,
          5,
          5,
          1,
          4,
          3,
          null,
          null,
          1,
          null,
          1,
          null,
          null,
          4,
          null,
          null,
          null,
          1,
          46,
          46,
          null,
          46,
          46,
          46,
          null,
          null,
          null,
          1,
          3,
          3,
          2,
          null,
          null,
          1,
          null,
          null,
          null,
          1,
          1,
          4,
          null,
          null,
          null,
          1,
          1,
          4,
          null,
          null,
          null,
          1,
          7,
          null,
          null,
          1,
          3,
          3,
          null,
          null,
          null,
          1,
          13,
          13,
          null,
          12,
          null,
          12,
          12,
          12,
          12,
          null,
          null,
          1,
          2,
          2,
          null,
          2,
          null,
          1,
          1,
          null,
          1,
          null,
          null,
          1,
          2,
          2,
          null,
          2,
          6,
          3,
          3,
          3,
          1,
          null,
          null,
          6,
          null,
          3,
          3,
          3,
          1,
          null,
          null,
          2,
          2,
          null,
          null,
          1,
          1,
          1,
          1,
          1,
          3,
          3,
          null,
          1,
          null,
          null,
          1,
          2,
          2,
          2,
          2,
          null,
          null,
          1,
          null,
          1,
          2,
          2,
          2,
          null,
          null,
          1,
          3,
          null,
          3,
          null,
          null,
          1,
          3,
          12,
          null,
          3,
          3,
          3,
          3,
          null,
          null,
          1,
          11,
          11,
          30,
          null,
          11,
          null,
          null,
          1,
          7,
          null,
          null
        ]
      },
      "D:/Учеба/Программирование/Ruby/Lab2/lib/book.rb": {
        "lines": [
          null,
          null,
          null,
          1,
          1,
          null,
          1,
          48,
          48,
          48,
          48,
          48,
          null,
          null,
          1,
          9,
          null,
          null
        ]
      },
      "D:/Учеба/Программирование/Ruby/Lab2/lib/stationery.rb": {
        "lines": [
          null,
          null,
          null,
          1,
          1,
          null,
          1,
          46,
          46,
          46,
          null,
          null,
          1,
          9,
          null,
          null
        ]
      },
      "D:/Учеба/Программирование/Ruby/Lab2/lib/shopping_list.rb": {
        "lines": [
          null,
          null,
          null,
          1,
          1,
          null,
          1,
          7,
          7,
          null,
          null,
          1,
          0,
          null,
          null,
          null
        ]
      }
    },
    "timestamp": 1636035101
  }
}
